# JRE version: OpenJDK Runtime Environment (11.0.7+10) (build 11.0.7+10)
# Java VM: OpenJDK 64-Bit Server VM (11.0.7+10, mixed mode, tiered, compressed oops, g1 gc, linux-amd64)
Heap:
 garbage-first heap   total 96256K, used 60964K [0x00000000e0c00000, 0x0000000100000000)
  region size 1024K, 40 young (40960K), 5 survivors (5120K)
 Metaspace       used 44403K, capacity 46135K, committed 46256K, reserved 1089536K
  class space    used 5206K, capacity 5996K, committed 6064K, reserved 1048576K
GC Heap History (20 events):
Event: 17.369 GC heap before
{Heap before GC invocations=32 (full 0):
 garbage-first heap   total 48128K, used 31826K [0x00000000e0c00000, 0x0000000100000000)
  region size 1024K, 4 young (4096K), 1 survivors (1024K)
 Metaspace       used 38595K, capacity 40069K, committed 40368K, reserved 1085440K
  class space    used 4582K, capacity 5227K, committed 5296K, reserved 1048576K
}
Event: 17.381 GC heap after
{Heap after GC invocations=33 (full 0):
 garbage-first heap   total 48128K, used 10305K [0x00000000e0c00000, 0x0000000100000000)
  region size 1024K, 1 young (1024K), 1 survivors (1024K)
 Metaspace       used 38595K, capacity 40069K, committed 40368K, reserved 1085440K
  class space    used 4582K, capacity 5227K, committed 5296K, reserved 1048576K
}
Event: 17.762 GC heap before
{Heap before GC invocations=34 (full 0):
 garbage-first heap   total 48128K, used 32833K [0x00000000e0c00000, 0x0000000100000000)
  region size 1024K, 5 young (5120K), 1 survivors (1024K)
 Metaspace       used 38623K, capacity 40133K, committed 40368K, reserved 1085440K
  class space    used 4582K, capacity 5227K, committed 5296K, reserved 1048576K
}
Event: 17.827 GC heap after
{Heap after GC invocations=35 (full 0):
 garbage-first heap   total 58368K, used 18604K [0x00000000e0c00000, 0x0000000100000000)
  region size 1024K, 2 young (2048K), 2 survivors (2048K)
 Metaspace       used 38623K, capacity 40133K, committed 40368K, reserved 1085440K
  class space    used 4582K, capacity 5227K, committed 5296K, reserved 1048576K
}
Event: 18.115 GC heap before
{Heap before GC invocations=36 (full 0):
 garbage-first heap   total 58368K, used 36012K [0x00000000e0c00000, 0x0000000100000000)
  region size 1024K, 4 young (4096K), 2 survivors (2048K)
 Metaspace       used 38644K, capacity 40133K, committed 40368K, reserved 1085440K
  class space    used 4582K, capacity 5227K, committed 5296K, reserved 1048576K
}
Event: 18.129 GC heap after
{Heap after GC invocations=37 (full 0):
 garbage-first heap   total 58368K, used 18607K [0x00000000e0c00000, 0x0000000100000000)
  region size 1024K, 2 young (2048K), 2 survivors (2048K)
 Metaspace       used 38644K, capacity 40133K, committed 40368K, reserved 1085440K
  class space    used 4582K, capacity 5227K, committed 5296K, reserved 1048576K
}
Event: 18.313 GC heap before
{Heap before GC invocations=38 (full 0):
 garbage-first heap   total 58368K, used 26799K [0x00000000e0c00000, 0x0000000100000000)
  region size 1024K, 3 young (3072K), 2 survivors (2048K)
 Metaspace       used 38644K, capacity 40133K, committed 40368K, reserved 1085440K
  class space    used 4582K, capacity 5227K, committed 5296K, reserved 1048576K
}
Event: 18.324 GC heap after
{Heap after GC invocations=39 (full 0):
 garbage-first heap   total 58368K, used 26801K [0x00000000e0c00000, 0x0000000100000000)
  region size 1024K, 2 young (2048K), 2 survivors (2048K)
 Metaspace       used 38644K, capacity 40133K, committed 40368K, reserved 1085440K
  class space    used 4582K, capacity 5227K, committed 5296K, reserved 1048576K
}
Event: 18.652 GC heap before
{Heap before GC invocations=40 (full 0):
 garbage-first heap   total 58368K, used 42161K [0x00000000e0c00000, 0x0000000100000000)
  region size 1024K, 11 young (11264K), 2 survivors (2048K)
 Metaspace       used 38652K, capacity 40133K, committed 40368K, reserved 1085440K
  class space    used 4582K, capacity 5227K, committed 5296K, reserved 1048576K
}
Event: 18.665 GC heap after
{Heap after GC invocations=41 (full 0):
 garbage-first heap   total 58368K, used 18665K [0x00000000e0c00000, 0x0000000100000000)
  region size 1024K, 2 young (2048K), 2 survivors (2048K)
 Metaspace       used 38652K, capacity 40133K, committed 40368K, reserved 1085440K
  class space    used 4582K, capacity 5227K, committed 5296K, reserved 1048576K
}
Event: 19.067 GC heap before
{Heap before GC invocations=42 (full 0):
 garbage-first heap   total 58368K, used 39145K [0x00000000e0c00000, 0x0000000100000000)
  region size 1024K, 8 young (8192K), 2 survivors (2048K)
 Metaspace       used 38677K, capacity 40197K, committed 40368K, reserved 1085440K
  class space    used 4582K, capacity 5227K, committed 5296K, reserved 1048576K
}
Event: 19.080 GC heap after
{Heap after GC invocations=43 (full 0):
 garbage-first heap   total 79872K, used 10276K [0x00000000e0c00000, 0x0000000100000000)
  region size 1024K, 1 young (1024K), 1 survivors (1024K)
 Metaspace       used 38677K, capacity 40197K, committed 40368K, reserved 1085440K
  class space    used 4582K, capacity 5227K, committed 5296K, reserved 1048576K
}
Event: 22.073 GC heap before
{Heap before GC invocations=44 (full 0):
 garbage-first heap   total 79872K, used 63524K [0x00000000e0c00000, 0x0000000100000000)
  region size 1024K, 38 young (38912K), 1 survivors (1024K)
 Metaspace       used 44350K, capacity 46069K, committed 46256K, reserved 1089536K
  class space    used 5205K, capacity 5996K, committed 6064K, reserved 1048576K
}
Event: 22.090 GC heap after
{Heap after GC invocations=45 (full 0):
 garbage-first heap   total 79872K, used 12768K [0x00000000e0c00000, 0x0000000100000000)
  region size 1024K, 4 young (4096K), 4 survivors (4096K)
 Metaspace       used 44350K, capacity 46069K, committed 46256K, reserved 1089536K
  class space    used 5205K, capacity 5996K, committed 6064K, reserved 1048576K
}
Event: 23.098 GC heap before
{Heap before GC invocations=45 (full 0):
 garbage-first heap   total 79872K, used 51680K [0x00000000e0c00000, 0x0000000100000000)
  region size 1024K, 42 young (43008K), 4 survivors (4096K)
 Metaspace       used 44372K, capacity 46133K, committed 46256K, reserved 1089536K
  class space    used 5206K, capacity 5996K, committed 6064K, reserved 1048576K
}
Event: 23.117 GC heap after
{Heap after GC invocations=46 (full 0):
 garbage-first heap   total 79872K, used 16777K [0x00000000e0c00000, 0x0000000100000000)
  region size 1024K, 6 young (6144K), 6 survivors (6144K)
 Metaspace       used 44372K, capacity 46133K, committed 46256K, reserved 1089536K
  class space    used 5206K, capacity 5996K, committed 6064K, reserved 1048576K
}
Event: 24.082 GC heap before
{Heap before GC invocations=46 (full 0):
 garbage-first heap   total 79872K, used 55689K [0x00000000e0c00000, 0x0000000100000000)
  region size 1024K, 44 young (45056K), 6 survivors (6144K)
 Metaspace       used 44379K, capacity 46133K, committed 46256K, reserved 1089536K
  class space    used 5206K, capacity 5996K, committed 6064K, reserved 1048576K
}
Event: 24.103 GC heap after
{Heap after GC invocations=47 (full 0):
 garbage-first heap   total 79872K, used 21388K [0x00000000e0c00000, 0x0000000100000000)
  region size 1024K, 5 young (5120K), 5 survivors (5120K)
 Metaspace       used 44379K, capacity 46133K, committed 46256K, reserved 1089536K
  class space    used 5206K, capacity 5996K, committed 6064K, reserved 1048576K
}
Event: 25.067 GC heap before
{Heap before GC invocations=47 (full 0):
 garbage-first heap   total 79872K, used 57228K [0x00000000e0c00000, 0x0000000100000000)
  region size 1024K, 41 young (41984K), 5 survivors (5120K)
 Metaspace       used 44386K, capacity 46133K, committed 46256K, reserved 1089536K
  class space    used 5206K, capacity 5996K, committed 6064K, reserved 1048576K
}
Event: 25.087 GC heap after
{Heap after GC invocations=48 (full 0):
 garbage-first heap   total 96256K, used 26148K [0x00000000e0c00000, 0x0000000100000000)
  region size 1024K, 5 young (5120K), 5 survivors (5120K)
 Metaspace       used 44386K, capacity 46133K, committed 46256K, reserved 1089536K
  class space    used 5206K, capacity 5996K, committed 6064K, reserved 1048576K
}

